<?xml version="1.0" encoding="UTF-8"?>
<!-- Generated by org.testng.reporters.JUnitXMLReporter -->
<testsuite ignored="0" hostname="DESKTOP-LRO9C4E" failures="0" tests="2" name="Default test" time="7.705" errors="0" timestamp="2024-10-08T15:02:56 IST">
  <testcase classname="com.github.loginpagetest.LoginPageTest" name="testLogoIsDisplayed" time="0.11"/>
  <testcase classname="com.github.loginpagetest.LoginPageTest" name="testSignInFunctionality" time="1.717"/>
</testsuite> <!-- Default test -->
