<?xml version="1.0" encoding="UTF-8"?>
<testng-results ignored="0" total="2" passed="2" failed="0" skipped="0">
  <reporter-output>
  </reporter-output>
  <suite started-at="2024-10-08T15:02:49 IST" name="Default suite" finished-at="2024-10-08T15:02:56 IST" duration-ms="7705">
    <groups>
    </groups>
    <test started-at="2024-10-08T15:02:49 IST" name="Default test" finished-at="2024-10-08T15:02:56 IST" duration-ms="7705">
      <class name="com.github.loginpagetest.LoginPageTest">
        <test-method is-config="true" signature="setUp()[pri:0, instance:com.github.loginpagetest.LoginPageTest@cecf639]" started-at="2024-10-08T15:02:49 IST" name="setUp" finished-at="2024-10-08T15:02:53 IST" duration-ms="4378" status="PASS">
          <reporter-output>
          </reporter-output>
        </test-method> <!-- setUp -->
        <test-method signature="testLogoIsDisplayed()[pri:1, instance:com.github.loginpagetest.LoginPageTest@cecf639]" started-at="2024-10-08T15:02:53 IST" name="testLogoIsDisplayed" finished-at="2024-10-08T15:02:53 IST" duration-ms="110" status="PASS">
          <reporter-output>
          </reporter-output>
        </test-method> <!-- testLogoIsDisplayed -->
        <test-method signature="testSignInFunctionality()[pri:2, instance:com.github.loginpagetest.LoginPageTest@cecf639]" started-at="2024-10-08T15:02:53 IST" name="testSignInFunctionality" finished-at="2024-10-08T15:02:55 IST" duration-ms="1717" status="PASS">
          <reporter-output>
          </reporter-output>
        </test-method> <!-- testSignInFunctionality -->
        <test-method is-config="true" signature="tearDown()[pri:0, instance:com.github.loginpagetest.LoginPageTest@cecf639]" started-at="2024-10-08T15:02:55 IST" name="tearDown" finished-at="2024-10-08T15:02:56 IST" duration-ms="1433" status="PASS">
          <reporter-output>
          </reporter-output>
        </test-method> <!-- tearDown -->
      </class> <!-- com.github.loginpagetest.LoginPageTest -->
    </test> <!-- Default test -->
  </suite> <!-- Default suite -->
</testng-results>
